<?xml version="1.0" encoding="UTF-8"?>
<!-- Generated by org.testng.reporters.JUnitReportReporter -->
<testsuite skipped="0" hostname="vaibhav-Latitude-3550" name="com.reports.testcases.TestFinancialRevenueReportBuilder" tests="62" failures="0" timestamp="30 Apr 2019 11:16:03 GMT" time="570.307" errors="0">
  <testcase name="test3MonthPdf" time="0.364" classname="com.reports.testcases.TestFinancialRevenueReportBuilder"/>
  <testcase name="test3MonthCsv" time="0.210" classname="com.reports.testcases.TestFinancialRevenueReportBuilder"/>
  <testcase name="test3MonthText" time="0.211" classname="com.reports.testcases.TestFinancialRevenueReportBuilder"/>
  <testcase name="testDateFieldsBlank_pdf" time="0.180" classname="com.reports.testcases.TestFinancialRevenueReportBuilder"/>
  <testcase name="testDateFieldsBlank_csv" time="0.162" classname="com.reports.testcases.TestFinancialRevenueReportBuilder"/>
  <testcase name="testDateFieldsBlank_text" time="0.183" classname="com.reports.testcases.TestFinancialRevenueReportBuilder"/>
  <testcase name="testFromDateFieldBlank_pdf" time="0.162" classname="com.reports.testcases.TestFinancialRevenueReportBuilder"/>
  <testcase name="testToDateFieldBlank_pdf" time="0.164" classname="com.reports.testcases.TestFinancialRevenueReportBuilder"/>
  <testcase name="testFromDateFieldBlank_cvs" time="0.182" classname="com.reports.testcases.TestFinancialRevenueReportBuilder"/>
  <testcase name="testToDateFieldBlank_cvs" time="0.180" classname="com.reports.testcases.TestFinancialRevenueReportBuilder"/>
  <testcase name="testFromDateFieldBlank_text" time="0.165" classname="com.reports.testcases.TestFinancialRevenueReportBuilder"/>
  <testcase name="testToDateFieldBlank_text" time="0.162" classname="com.reports.testcases.TestFinancialRevenueReportBuilder"/>
  <testcase name="testDateFieldsBlank_favSaveButton" time="0.216" classname="com.reports.testcases.TestFinancialRevenueReportBuilder"/>
  <testcase name="testFromDateFieldBlank_favSaveButton" time="0.214" classname="com.reports.testcases.TestFinancialRevenueReportBuilder"/>
  <testcase name="testToDateFieldBlank_favSaveButton" time="0.212" classname="com.reports.testcases.TestFinancialRevenueReportBuilder"/>
  <testcase name="checkForThisFinancialYear" time="0.142" classname="com.reports.testcases.TestFinancialRevenueReportBuilder"/>
  <testcase name="checkForPreviousFinancialYear" time="0.118" classname="com.reports.testcases.TestFinancialRevenueReportBuilder"/>
  <testcase name="verifyDateFieldsForYesterdayOptions" time="0.622" classname="com.reports.testcases.TestFinancialRevenueReportBuilder"/>
  <testcase name="verifyDateFieldsForTodayOptions" time="0.334" classname="com.reports.testcases.TestFinancialRevenueReportBuilder"/>
  <testcase name="verifyDateFieldsForPreviousMonthOptions" time="0.321" classname="com.reports.testcases.TestFinancialRevenueReportBuilder"/>
  <testcase name="verifyDateFieldsForThisMonthOptions" time="0.333" classname="com.reports.testcases.TestFinancialRevenueReportBuilder"/>
  <testcase name="verifyDateFieldsForFromPastToFuture_pdf" time="0.179" classname="com.reports.testcases.TestFinancialRevenueReportBuilder"/>
  <testcase name="verifyDateFieldsForFromPastToFuture_csv" time="0.166" classname="com.reports.testcases.TestFinancialRevenueReportBuilder"/>
  <testcase name="verifyDateFieldsForFromPastToFuture_text" time="0.150" classname="com.reports.testcases.TestFinancialRevenueReportBuilder"/>
  <testcase name="verifyDateFieldsForFromPastToFuture_fav" time="0.214" classname="com.reports.testcases.TestFinancialRevenueReportBuilder"/>
  <testcase name="vreifyForYesterdaysDateOnReFreshing" time="22.290" classname="com.reports.testcases.TestFinancialRevenueReportBuilder"/>
  <testcase name="checkAutoCustomDateOption" time="0.683" classname="com.reports.testcases.TestFinancialRevenueReportBuilder"/>
  <testcase name="verifyAllowedReportDurationDropdown" time="0.498" classname="com.reports.testcases.TestFinancialRevenueReportBuilder"/>
  <testcase name="verifyAllowedReportDurationDropdown" time="0.521" classname="com.reports.testcases.TestFinancialRevenueReportBuilder"/>
  <testcase name="verifyAllowedReportDurationDropdown" time="0.517" classname="com.reports.testcases.TestFinancialRevenueReportBuilder"/>
  <testcase name="verifyAllowedReportDurationDropdown" time="0.527" classname="com.reports.testcases.TestFinancialRevenueReportBuilder"/>
  <testcase name="pdfTest" time="1.173" classname="com.reports.testcases.TestFinancialRevenueReportBuilder"/>
  <testcase name="pdfTest" time="1.160" classname="com.reports.testcases.TestFinancialRevenueReportBuilder"/>
  <testcase name="pdfTest" time="35.395" classname="com.reports.testcases.TestFinancialRevenueReportBuilder"/>
  <testcase name="pdfTest" time="1.130" classname="com.reports.testcases.TestFinancialRevenueReportBuilder"/>
  <testcase name="pdfTest" time="45.536" classname="com.reports.testcases.TestFinancialRevenueReportBuilder"/>
  <testcase name="pdfTest" time="1.306" classname="com.reports.testcases.TestFinancialRevenueReportBuilder"/>
  <testcase name="pdfTest" time="28.753" classname="com.reports.testcases.TestFinancialRevenueReportBuilder"/>
  <testcase name="pdfTest" time="31.925" classname="com.reports.testcases.TestFinancialRevenueReportBuilder"/>
  <testcase name="createFavouritesForAllowedReportDurationoption" time="6.231" classname="com.reports.testcases.TestFinancialRevenueReportBuilder"/>
  <testcase name="createFavouritesForAllowedReportDurationoption" time="5.216" classname="com.reports.testcases.TestFinancialRevenueReportBuilder"/>
  <testcase name="createFavouritesForAllowedReportDurationoption" time="4.799" classname="com.reports.testcases.TestFinancialRevenueReportBuilder"/>
  <testcase name="createFavouritesForAllowedReportDurationoption" time="6.088" classname="com.reports.testcases.TestFinancialRevenueReportBuilder"/>
  <testcase name="checkFavouriteReportsForDefaultDate_option1" time="72.996" classname="com.reports.testcases.TestFinancialRevenueReportBuilder"/>
  <testcase name="checkFavouriteReportsForDefaultDate_option2" time="67.744" classname="com.reports.testcases.TestFinancialRevenueReportBuilder"/>
  <testcase name="checkFavouriteReportsForDefaultDate_option3" time="61.358" classname="com.reports.testcases.TestFinancialRevenueReportBuilder"/>
  <testcase name="checkFavouriteReportsForDefaultDate_optionSelect" time="62.440" classname="com.reports.testcases.TestFinancialRevenueReportBuilder"/>
  <testcase name="switchToTheUser" time="1.055" classname="com.reports.testcases.TestFinancialRevenueReportBuilder"/>
  <testcase name="check1MonthFavPDFReport" time="9.064" classname="com.reports.testcases.TestFinancialRevenueReportBuilder"/>
  <testcase name="check2MonthFavPDFReport" time="9.038" classname="com.reports.testcases.TestFinancialRevenueReportBuilder"/>
  <testcase name="check3MonthFavPDFReport" time="9.224" classname="com.reports.testcases.TestFinancialRevenueReportBuilder"/>
  <testcase name="chekForCorporateOffice" time="0.383" classname="com.reports.testcases.TestFinancialRevenueReportBuilder"/>
  <testcase name="chekForCorporateOffice" time="0.319" classname="com.reports.testcases.TestFinancialRevenueReportBuilder"/>
  <testcase name="chekForCorporateOffice" time="0.351" classname="com.reports.testcases.TestFinancialRevenueReportBuilder"/>
  <testcase name="chekForCorporateOffice" time="0.343" classname="com.reports.testcases.TestFinancialRevenueReportBuilder"/>
  <testcase name="chekForCorporateOffice" time="0.350" classname="com.reports.testcases.TestFinancialRevenueReportBuilder"/>
  <testcase name="chekForCorporateOffice" time="9.963" classname="com.reports.testcases.TestFinancialRevenueReportBuilder"/>
  <testcase name="chekForCorporateOffice" time="0.361" classname="com.reports.testcases.TestFinancialRevenueReportBuilder"/>
  <testcase name="chekForCorporateOffice" time="0.350" classname="com.reports.testcases.TestFinancialRevenueReportBuilder"/>
  <testcase name="chekForCorporateOffice_fav1" time="28.480" classname="com.reports.testcases.TestFinancialRevenueReportBuilder"/>
  <testcase name="chekForCorporateOffice_fav2" time="19.680" classname="com.reports.testcases.TestFinancialRevenueReportBuilder"/>
  <testcase name="chekForCorporateOffice_fav3" time="17.514" classname="com.reports.testcases.TestFinancialRevenueReportBuilder"/>
</testsuite> <!-- com.reports.testcases.TestFinancialRevenueReportBuilder -->
